生成启动时间为 2015/6/29 11:07:36。
     1>项目“D:\webs-2-5\WIN\webs.vcxproj”在节点 2 上(build 个目标)。
     1>InitializeBuildStatus:
         正在创建“Debug\webs.unsuccessfulbuild”，因为已指定“AlwaysCreate”。
       ClCompile:
         e:\vs2010\VC\bin\CL.exe /c /ZI /nologo /W1 /WX- /Od /Oy- /D WIN32 /D _DEBUG /D _WINDOWS /D WEBS /D DIGEST_ACCESS_SUPPORT /D WINDOWS /D WIN /D _WIN32_WINNT=0x0500 /D DEBUG /D DEV /Gm /EHsc /RTC1 /MDd /GS /fp:precise /Zc:wchar_t /Zc:forScope /Fo"Debug\\" /Fd"Debug\vc100.pdb" /Gd /TC /analyze- /errorReport:prompt main.c
         main.c
     1>d:\webs-2-5\win\main.c(117): warning C4020: “windowsInit”: 实参太多
     1>d:\webs-2-5\win\main.c(304): warning C4029: 声明的形参表不同于定义
       ResourceCompile:
         所有输出均为最新。
       ManifestResourceCompile:
         所有输出均为最新。
       Link:
         e:\vs2010\VC\bin\link.exe /ERRORREPORT:PROMPT /OUT:"Debug\webs.exe" /INCREMENTAL /NOLOGO ws2_32.lib kernel32.lib user32.lib gdi32.lib winspool.lib comdlg32.lib advapi32.lib shell32.lib ole32.lib oleaut32.lib uuid.lib odbc32.lib odbccp32.lib /MANIFEST /ManifestFile:"Debug\webs.exe.intermediate.manifest" /MANIFESTUAC:"level='asInvoker' uiAccess='false'" /DEBUG /PDB:"D:\webs-2-5\WIN\Debug\webs.pdb" /SUBSYSTEM:WINDOWS /TLBID:1 /DYNAMICBASE /NXCOMPAT /IMPLIB:"Debug\webs.lib" /MACHINE:X86 Debug\test.res
         Debug\webs.exe.embed.manifest.res
         Debug\asp.obj
         Debug\balloc.obj
         Debug\cgi.obj
         Debug\default.obj
         Debug\ejlex.obj
         Debug\ejparse.obj
         Debug\emfdb.obj
         Debug\form.obj
         Debug\h.obj
         Debug\handler.obj
         Debug\main.obj
         Debug\md5c.obj
         Debug\mime.obj
         Debug\mime64.obj
         Debug\misc.obj
         Debug\page.obj
         Debug\ringq.obj
         Debug\rom.obj
         Debug\security.obj
         Debug\sock.obj
         Debug\sockGen.obj
         Debug\sym.obj
         Debug\uemf.obj
         Debug\um.obj
         Debug\umui.obj
         Debug\url.obj
         Debug\value.obj
         Debug\webrom.obj
         Debug\webs.obj
         Debug\websda.obj
         Debug\websuemf.obj
       Manifest:
         C:\Program Files\Microsoft SDKs\Windows\v7.0A\bin\mt.exe /nologo /verbose /out:"Debug\webs.exe.embed.manifest" /manifest Debug\webs.exe.intermediate.manifest
         所有输出均为最新。
       LinkEmbedManifest:
         所有输出均为最新。
         webs.vcxproj -> D:\webs-2-5\WIN\Debug\webs.exe
       FinalizeBuildStatus:
         正在删除文件“Debug\webs.unsuccessfulbuild”。
         正在对“Debug\webs.lastbuildstate”执行 Touch 任务。
     1>已完成生成项目“D:\webs-2-5\WIN\webs.vcxproj”(build 个目标)的操作。

生成成功。

已用时间 00:00:02.96
