D:\WEBS-2-5\WIN\DEBUG\ASP.OBJ
D:\WEBS-2-5\WIN\DEBUG\BALLOC.OBJ
D:\WEBS-2-5\WIN\DEBUG\CGI.OBJ
D:\webs-2-5\WIN\Debug\cl.command.1.tlog
D:\webs-2-5\WIN\Debug\CL.read.1.tlog
D:\webs-2-5\WIN\Debug\CL.write.1.tlog
D:\WEBS-2-5\WIN\DEBUG\DEFAULT.OBJ
D:\WEBS-2-5\WIN\DEBUG\EJLEX.OBJ
D:\WEBS-2-5\WIN\DEBUG\EJPARSE.OBJ
D:\WEBS-2-5\WIN\DEBUG\EMFDB.OBJ
D:\WEBS-2-5\WIN\DEBUG\FORM.OBJ
D:\WEBS-2-5\WIN\DEBUG\H.OBJ
D:\WEBS-2-5\WIN\DEBUG\HANDLER.OBJ
D:\webs-2-5\WIN\Debug\link.command.1.tlog
D:\webs-2-5\WIN\Debug\link.read.1.tlog
D:\webs-2-5\WIN\Debug\link.write.1.tlog
D:\webs-2-5\WIN\Debug\link-cvtres.read.1.tlog
D:\webs-2-5\WIN\Debug\link-cvtres.write.1.tlog
D:\WEBS-2-5\WIN\DEBUG\MAIN.OBJ
D:\WEBS-2-5\WIN\DEBUG\MD5C.OBJ
D:\WEBS-2-5\WIN\DEBUG\MIME.OBJ
D:\WEBS-2-5\WIN\DEBUG\MIME64.OBJ
D:\WEBS-2-5\WIN\DEBUG\MISC.OBJ
D:\webs-2-5\WIN\Debug\mt.command.1.tlog
D:\webs-2-5\WIN\Debug\mt.read.1.tlog
D:\webs-2-5\WIN\Debug\mt.write.1.tlog
D:\WEBS-2-5\WIN\DEBUG\PAGE.OBJ
D:\webs-2-5\WIN\Debug\rc.command.1.tlog
D:\webs-2-5\WIN\Debug\rc.read.1.tlog
D:\webs-2-5\WIN\Debug\rc.write.1.tlog
D:\WEBS-2-5\WIN\DEBUG\RINGQ.OBJ
D:\WEBS-2-5\WIN\DEBUG\ROM.OBJ
D:\WEBS-2-5\WIN\DEBUG\SECURITY.OBJ
D:\WEBS-2-5\WIN\DEBUG\SOCK.OBJ
D:\WEBS-2-5\WIN\DEBUG\SOCKGEN.OBJ
D:\WEBS-2-5\WIN\DEBUG\SYM.OBJ
D:\WEBS-2-5\WIN\DEBUG\TEST.RES
D:\WEBS-2-5\WIN\DEBUG\UEMF.OBJ
D:\WEBS-2-5\WIN\DEBUG\UM.OBJ
D:\WEBS-2-5\WIN\DEBUG\UMUI.OBJ
D:\WEBS-2-5\WIN\DEBUG\URL.OBJ
D:\WEBS-2-5\WIN\DEBUG\VALUE.OBJ
D:\webs-2-5\WIN\Debug\vc100.idb
D:\WEBS-2-5\WIN\DEBUG\VC100.PDB
D:\WEBS-2-5\WIN\DEBUG\WEBROM.OBJ
D:\WEBS-2-5\WIN\DEBUG\WEBS.EXE
D:\WEBS-2-5\WIN\DEBUG\WEBS.EXE.EMBED.MANIFEST
D:\WEBS-2-5\WIN\DEBUG\WEBS.EXE.EMBED.MANIFEST.RES
D:\WEBS-2-5\WIN\DEBUG\WEBS.EXE.INTERMEDIATE.MANIFEST
D:\WEBS-2-5\WIN\DEBUG\WEBS.ILK
D:\WEBS-2-5\WIN\DEBUG\WEBS.OBJ
D:\WEBS-2-5\WIN\DEBUG\WEBS.PDB
D:\webs-2-5\WIN\Debug\webs_manifest.rc
D:\WEBS-2-5\WIN\DEBUG\WEBSDA.OBJ
D:\WEBS-2-5\WIN\DEBUG\WEBSUEMF.OBJ
Debug\webs.ilk
Debug\webs.pdb
